La génération a démarré 01/02/2021 18:07:31.
Projet "C:\Documents and Settings\Administrateur\Mes documents\Visual Studio 2010\Projects\obfusware\obfusware\obfusware.vcxproj" sur le nœud 2 (build cible(s)).
InitializeBuildStatus:
  Mise à jour de l'horodatage "Debug\obfusware.unsuccessfulbuild".
ClCompile:
  Toutes les sorties sont à jour.
  C:\Program Files\Microsoft Visual Studio 10.0\VC\bin\CL.exe /c /ZI /nologo /W3 /WX- /Od /Oy- /D WIN32 /D _DEBUG /D _CONSOLE /D _UNICODE /D UNICODE /Gm /EHsc /RTC1 /MDd /GS /fp:precise /Zc:wchar_t /Zc:forScope /Yu"StdAfx.h" /Fp"Debug\obfusware.pch" /Fo"Debug\\" /Fd"Debug\vc100.pdb" /Gd /TP /analyze- /errorReport:prompt obfusware.cpp
  obfusware.cpp
ManifestResourceCompile:
  C:\Program Files\Microsoft SDKs\Windows\v7.0A\bin\rc.exe /nologo /fo"Debug\obfusware.exe.embed.manifest.res" Debug\obfusware_manifest.rc 
Link:
  C:\Program Files\Microsoft Visual Studio 10.0\VC\bin\link.exe /ERRORREPORT:PROMPT /OUT:"C:\Documents and Settings\Administrateur\Mes documents\Visual Studio 2010\Projects\obfusware\obfusware\Debug\obfusware.exe" /INCREMENTAL /NOLOGO kernel32.lib user32.lib gdi32.lib winspool.lib comdlg32.lib advapi32.lib shell32.lib ole32.lib oleaut32.lib uuid.lib odbc32.lib odbccp32.lib /MANIFEST /ManifestFile:"Debug\obfusware.exe.intermediate.manifest" /MANIFESTUAC:"level='asInvoker' uiAccess='false'" /DEBUG /PDB:"C:\Documents and Settings\Administrateur\Mes documents\Visual Studio 2010\Projects\obfusware\obfusware\Debug\obfusware.pdb" /SUBSYSTEM:CONSOLE /TLBID:1 /DYNAMICBASE /NXCOMPAT /IMPLIB:"C:\Documents and Settings\Administrateur\Mes documents\Visual Studio 2010\Projects\obfusware\obfusware\Debug\obfusware.lib" /MACHINE:X86 Debug\obfusware.exe.embed.manifest.res
  Debug\obfusware.obj
  Debug\stdafx.obj
Manifest:
  C:\Program Files\Microsoft SDKs\Windows\v7.0A\bin\mt.exe /nologo /verbose /out:"Debug\obfusware.exe.embed.manifest" /manifest Debug\obfusware.exe.intermediate.manifest
  C:\Program Files\Microsoft SDKs\Windows\v7.0A\bin\rc.exe /nologo /fo"Debug\obfusware.exe.embed.manifest.res" Debug\obfusware_manifest.rc 
LinkEmbedManifest:
  C:\Program Files\Microsoft Visual Studio 10.0\VC\bin\link.exe /ERRORREPORT:PROMPT /OUT:"C:\Documents and Settings\Administrateur\Mes documents\Visual Studio 2010\Projects\obfusware\obfusware\Debug\obfusware.exe" /INCREMENTAL /NOLOGO kernel32.lib user32.lib gdi32.lib winspool.lib comdlg32.lib advapi32.lib shell32.lib ole32.lib oleaut32.lib uuid.lib odbc32.lib odbccp32.lib /MANIFEST /ManifestFile:"Debug\obfusware.exe.intermediate.manifest" /MANIFESTUAC:"level='asInvoker' uiAccess='false'" /DEBUG /PDB:"C:\Documents and Settings\Administrateur\Mes documents\Visual Studio 2010\Projects\obfusware\obfusware\Debug\obfusware.pdb" /SUBSYSTEM:CONSOLE /TLBID:1 /DYNAMICBASE /NXCOMPAT /IMPLIB:"C:\Documents and Settings\Administrateur\Mes documents\Visual Studio 2010\Projects\obfusware\obfusware\Debug\obfusware.lib" /MACHINE:X86 Debug\obfusware.exe.embed.manifest.res
  Debug\obfusware.obj
  Debug\stdafx.obj
  obfusware.vcxproj -> C:\Documents and Settings\Administrateur\Mes documents\Visual Studio 2010\Projects\obfusware\obfusware\Debug\obfusware.exe
FinalizeBuildStatus:
  Suppression du fichier "Debug\obfusware.unsuccessfulbuild".
  Mise à jour de l'horodatage "Debug\obfusware.lastbuildstate".
Génération du projet "C:\Documents and Settings\Administrateur\Mes documents\Visual Studio 2010\Projects\obfusware\obfusware\obfusware.vcxproj" terminée (build cible(s)).

La génération a réussi.

Temps écoulé 00:00:01.89
