La génération a démarré 04/02/2021 01:46:10.
Projet "C:\Documents and Settings\Administrateur\Mes documents\Visual Studio 2010\Projects\obfusware\obfusware\obfusware.vcxproj" sur le nœud 2 (build cible(s)).
InitializeBuildStatus:
  Création de "Release\obfusware.unsuccessfulbuild", car "AlwaysCreate" a été spécifié.
ClCompile:
  Toutes les sorties sont à jour.
  C:\Program Files\Microsoft Visual Studio 10.0\VC\bin\CL.exe /c /Zi /nologo /W3 /WX- /Od /Oi /Oy- /GL /D WIN32 /D NDEBUG /D _CONSOLE /D _UNICODE /D UNICODE /Gm- /EHsc /MD /GS /Gy /fp:precise /Zc:wchar_t /Zc:forScope /Yu"StdAfx.h" /Fp"Release\obfusware.pch" /Fo"Release\\" /Fd"Release\vc100.pdb" /Gd /TP /analyze- /errorReport:prompt obfusware.cpp
  obfusware.cpp
obfusware.cpp(242): warning C4410: taille d'opérande non conforme
obfusware.cpp(242): warning C4409: taille d'instruction non conforme
obfusware.cpp(245): warning C4410: taille d'opérande non conforme
obfusware.cpp(245): warning C4409: taille d'instruction non conforme
obfusware.cpp(248): warning C4410: taille d'opérande non conforme
obfusware.cpp(248): warning C4409: taille d'instruction non conforme
obfusware.cpp(251): warning C4410: taille d'opérande non conforme
obfusware.cpp(251): warning C4409: taille d'instruction non conforme
obfusware.cpp(254): warning C4410: taille d'opérande non conforme
obfusware.cpp(254): warning C4409: taille d'instruction non conforme
obfusware.cpp(257): warning C4410: taille d'opérande non conforme
obfusware.cpp(257): warning C4409: taille d'instruction non conforme
obfusware.cpp(442): warning C4410: taille d'opérande non conforme
obfusware.cpp(442): warning C4409: taille d'instruction non conforme
obfusware.cpp(445): warning C4410: taille d'opérande non conforme
obfusware.cpp(445): warning C4409: taille d'instruction non conforme
obfusware.cpp(448): warning C4410: taille d'opérande non conforme
obfusware.cpp(448): warning C4409: taille d'instruction non conforme
obfusware.cpp(451): warning C4410: taille d'opérande non conforme
obfusware.cpp(451): warning C4409: taille d'instruction non conforme
obfusware.cpp(454): warning C4410: taille d'opérande non conforme
obfusware.cpp(454): warning C4409: taille d'instruction non conforme
obfusware.cpp(457): warning C4410: taille d'opérande non conforme
obfusware.cpp(457): warning C4409: taille d'instruction non conforme
obfusware.cpp(528): warning C4410: taille d'opérande non conforme
obfusware.cpp(528): warning C4409: taille d'instruction non conforme
obfusware.cpp(531): warning C4410: taille d'opérande non conforme
obfusware.cpp(531): warning C4409: taille d'instruction non conforme
obfusware.cpp(534): warning C4410: taille d'opérande non conforme
obfusware.cpp(534): warning C4409: taille d'instruction non conforme
obfusware.cpp(537): warning C4410: taille d'opérande non conforme
obfusware.cpp(537): warning C4409: taille d'instruction non conforme
obfusware.cpp(540): warning C4410: taille d'opérande non conforme
obfusware.cpp(540): warning C4409: taille d'instruction non conforme
obfusware.cpp(543): warning C4410: taille d'opérande non conforme
obfusware.cpp(543): warning C4409: taille d'instruction non conforme
obfusware.cpp(602): warning C4410: taille d'opérande non conforme
obfusware.cpp(602): warning C4409: taille d'instruction non conforme
obfusware.cpp(605): warning C4410: taille d'opérande non conforme
obfusware.cpp(605): warning C4409: taille d'instruction non conforme
obfusware.cpp(608): warning C4410: taille d'opérande non conforme
obfusware.cpp(608): warning C4409: taille d'instruction non conforme
obfusware.cpp(611): warning C4410: taille d'opérande non conforme
obfusware.cpp(611): warning C4409: taille d'instruction non conforme
obfusware.cpp(614): warning C4410: taille d'opérande non conforme
obfusware.cpp(614): warning C4409: taille d'instruction non conforme
obfusware.cpp(617): warning C4410: taille d'opérande non conforme
obfusware.cpp(617): warning C4409: taille d'instruction non conforme
obfusware.cpp(695): warning C4410: taille d'opérande non conforme
obfusware.cpp(695): warning C4409: taille d'instruction non conforme
obfusware.cpp(698): warning C4410: taille d'opérande non conforme
obfusware.cpp(698): warning C4409: taille d'instruction non conforme
obfusware.cpp(701): warning C4410: taille d'opérande non conforme
obfusware.cpp(701): warning C4409: taille d'instruction non conforme
obfusware.cpp(704): warning C4410: taille d'opérande non conforme
obfusware.cpp(704): warning C4409: taille d'instruction non conforme
obfusware.cpp(707): warning C4410: taille d'opérande non conforme
obfusware.cpp(707): warning C4409: taille d'instruction non conforme
obfusware.cpp(710): warning C4410: taille d'opérande non conforme
obfusware.cpp(710): warning C4409: taille d'instruction non conforme
obfusware.cpp(771): warning C4410: taille d'opérande non conforme
obfusware.cpp(771): warning C4409: taille d'instruction non conforme
obfusware.cpp(774): warning C4410: taille d'opérande non conforme
obfusware.cpp(774): warning C4409: taille d'instruction non conforme
obfusware.cpp(777): warning C4410: taille d'opérande non conforme
obfusware.cpp(777): warning C4409: taille d'instruction non conforme
obfusware.cpp(780): warning C4410: taille d'opérande non conforme
obfusware.cpp(780): warning C4409: taille d'instruction non conforme
obfusware.cpp(783): warning C4410: taille d'opérande non conforme
obfusware.cpp(783): warning C4409: taille d'instruction non conforme
obfusware.cpp(786): warning C4410: taille d'opérande non conforme
obfusware.cpp(786): warning C4409: taille d'instruction non conforme
obfusware.cpp(840): warning C4410: taille d'opérande non conforme
obfusware.cpp(840): warning C4409: taille d'instruction non conforme
obfusware.cpp(843): warning C4410: taille d'opérande non conforme
obfusware.cpp(843): warning C4409: taille d'instruction non conforme
obfusware.cpp(846): warning C4410: taille d'opérande non conforme
obfusware.cpp(846): warning C4409: taille d'instruction non conforme
obfusware.cpp(849): warning C4410: taille d'opérande non conforme
obfusware.cpp(849): warning C4409: taille d'instruction non conforme
obfusware.cpp(852): warning C4410: taille d'opérande non conforme
obfusware.cpp(852): warning C4409: taille d'instruction non conforme
obfusware.cpp(855): warning C4410: taille d'opérande non conforme
obfusware.cpp(855): warning C4409: taille d'instruction non conforme
obfusware.cpp(1026): warning C4410: taille d'opérande non conforme
obfusware.cpp(1026): warning C4409: taille d'instruction non conforme
obfusware.cpp(1029): warning C4410: taille d'opérande non conforme
obfusware.cpp(1029): warning C4409: taille d'instruction non conforme
obfusware.cpp(1032): warning C4410: taille d'opérande non conforme
obfusware.cpp(1032): warning C4409: taille d'instruction non conforme
obfusware.cpp(1035): warning C4410: taille d'opérande non conforme
obfusware.cpp(1035): warning C4409: taille d'instruction non conforme
obfusware.cpp(1038): warning C4410: taille d'opérande non conforme
obfusware.cpp(1038): warning C4409: taille d'instruction non conforme
obfusware.cpp(1041): warning C4410: taille d'opérande non conforme
obfusware.cpp(1041): warning C4409: taille d'instruction non conforme
obfusware.cpp(1111): warning C4410: taille d'opérande non conforme
obfusware.cpp(1111): warning C4409: taille d'instruction non conforme
obfusware.cpp(1114): warning C4410: taille d'opérande non conforme
obfusware.cpp(1114): warning C4409: taille d'instruction non conforme
obfusware.cpp(1117): warning C4410: taille d'opérande non conforme
obfusware.cpp(1117): warning C4409: taille d'instruction non conforme
obfusware.cpp(1120): warning C4410: taille d'opérande non conforme
obfusware.cpp(1120): warning C4409: taille d'instruction non conforme
obfusware.cpp(1123): warning C4410: taille d'opérande non conforme
obfusware.cpp(1123): warning C4409: taille d'instruction non conforme
obfusware.cpp(1126): warning C4410: taille d'opérande non conforme
obfusware.cpp(1126): warning C4409: taille d'instruction non conforme
obfusware.cpp(1398): warning C4102: 'prgmout' : étiquette non référencée
Link:
  C:\Program Files\Microsoft Visual Studio 10.0\VC\bin\link.exe /ERRORREPORT:PROMPT /OUT:"C:\Documents and Settings\Administrateur\Mes documents\Visual Studio 2010\Projects\obfusware\Release\obfusware.exe" /INCREMENTAL:NO /NOLOGO kernel32.lib user32.lib gdi32.lib winspool.lib comdlg32.lib advapi32.lib shell32.lib ole32.lib oleaut32.lib uuid.lib odbc32.lib odbccp32.lib /MANIFEST /ManifestFile:"Release\obfusware.exe.intermediate.manifest" /MANIFESTUAC:"level='asInvoker' uiAccess='false'" /DEBUG /PDB:"C:\Documents and Settings\Administrateur\Mes documents\Visual Studio 2010\Projects\obfusware\Release\obfusware.pdb" /SUBSYSTEM:CONSOLE /OPT:REF /OPT:ICF /LTCG /TLBID:1 /DYNAMICBASE /NXCOMPAT /IMPLIB:"C:\Documents and Settings\Administrateur\Mes documents\Visual Studio 2010\Projects\obfusware\Release\obfusware.lib" /MACHINE:X86 Release\obfusware.obj
  Release\stdafx.obj
  Génération de code en cours
c:\documents and settings\administrateur\mes documents\visual studio 2010\projects\obfusware\obfusware\obfusware.cpp(815): warning C4731: 'base64_decode' : registre de pointeur frame 'ebp' modifié par le code assembleur inline
c:\documents and settings\administrateur\mes documents\visual studio 2010\projects\obfusware\obfusware\obfusware.cpp(823): warning C4731: 'base64_decode' : registre de pointeur frame 'ebp' modifié par le code assembleur inline
c:\documents and settings\administrateur\mes documents\visual studio 2010\projects\obfusware\obfusware\obfusware.cpp(860): warning C4731: 'base64_decode' : registre de pointeur frame 'ebp' modifié par le code assembleur inline
c:\documents and settings\administrateur\mes documents\visual studio 2010\projects\obfusware\obfusware\obfusware.cpp(670): warning C4731: 'ccpuid' : registre de pointeur frame 'ebp' modifié par le code assembleur inline
c:\documents and settings\administrateur\mes documents\visual studio 2010\projects\obfusware\obfusware\obfusware.cpp(678): warning C4731: 'ccpuid' : registre de pointeur frame 'ebp' modifié par le code assembleur inline
c:\documents and settings\administrateur\mes documents\visual studio 2010\projects\obfusware\obfusware\obfusware.cpp(715): warning C4731: 'ccpuid' : registre de pointeur frame 'ebp' modifié par le code assembleur inline
c:\documents and settings\administrateur\mes documents\visual studio 2010\projects\obfusware\obfusware\obfusware.cpp(503): warning C4731: 'affiche' : registre de pointeur frame 'ebp' modifié par le code assembleur inline
c:\documents and settings\administrateur\mes documents\visual studio 2010\projects\obfusware\obfusware\obfusware.cpp(511): warning C4731: 'affiche' : registre de pointeur frame 'ebp' modifié par le code assembleur inline
c:\documents and settings\administrateur\mes documents\visual studio 2010\projects\obfusware\obfusware\obfusware.cpp(548): warning C4731: 'affiche' : registre de pointeur frame 'ebp' modifié par le code assembleur inline
c:\documents and settings\administrateur\mes documents\visual studio 2010\projects\obfusware\obfusware\obfusware.cpp(417): warning C4731: 'EnumWindowsProc' : registre de pointeur frame 'ebp' modifié par le code assembleur inline
c:\documents and settings\administrateur\mes documents\visual studio 2010\projects\obfusware\obfusware\obfusware.cpp(425): warning C4731: 'EnumWindowsProc' : registre de pointeur frame 'ebp' modifié par le code assembleur inline
c:\documents and settings\administrateur\mes documents\visual studio 2010\projects\obfusware\obfusware\obfusware.cpp(462): warning C4731: 'EnumWindowsProc' : registre de pointeur frame 'ebp' modifié par le code assembleur inline
c:\documents and settings\administrateur\mes documents\visual studio 2010\projects\obfusware\obfusware\obfusware.cpp(217): warning C4731: 'is_not_debbugging' : registre de pointeur frame 'ebp' modifié par le code assembleur inline
c:\documents and settings\administrateur\mes documents\visual studio 2010\projects\obfusware\obfusware\obfusware.cpp(225): warning C4731: 'is_not_debbugging' : registre de pointeur frame 'ebp' modifié par le code assembleur inline
c:\documents and settings\administrateur\mes documents\visual studio 2010\projects\obfusware\obfusware\obfusware.cpp(262): warning C4731: 'is_not_debbugging' : registre de pointeur frame 'ebp' modifié par le code assembleur inline
c:\documents and settings\administrateur\mes documents\visual studio 2010\projects\obfusware\obfusware\obfusware.cpp(746): warning C4731: 'isGuestOSVM' : registre de pointeur frame 'ebp' modifié par le code assembleur inline
c:\documents and settings\administrateur\mes documents\visual studio 2010\projects\obfusware\obfusware\obfusware.cpp(754): warning C4731: 'isGuestOSVM' : registre de pointeur frame 'ebp' modifié par le code assembleur inline
c:\documents and settings\administrateur\mes documents\visual studio 2010\projects\obfusware\obfusware\obfusware.cpp(791): warning C4731: 'isGuestOSVM' : registre de pointeur frame 'ebp' modifié par le code assembleur inline
c:\documents and settings\administrateur\mes documents\visual studio 2010\projects\obfusware\obfusware\obfusware.cpp(1086): warning C4731: 'wmain' : registre de pointeur frame 'ebp' modifié par le code assembleur inline
c:\documents and settings\administrateur\mes documents\visual studio 2010\projects\obfusware\obfusware\obfusware.cpp(1094): warning C4731: 'wmain' : registre de pointeur frame 'ebp' modifié par le code assembleur inline
c:\documents and settings\administrateur\mes documents\visual studio 2010\projects\obfusware\obfusware\obfusware.cpp(1131): warning C4731: 'wmain' : registre de pointeur frame 'ebp' modifié par le code assembleur inline
  Fin de la génération du code
  obfusware.vcxproj -> C:\Documents and Settings\Administrateur\Mes documents\Visual Studio 2010\Projects\obfusware\Release\obfusware.exe
Manifest:
  C:\Program Files\Microsoft SDKs\Windows\v7.0A\bin\mt.exe /nologo /verbose /outputresource:"C:\Documents and Settings\Administrateur\Mes documents\Visual Studio 2010\Projects\obfusware\Release\obfusware.exe;#1" /manifest Release\obfusware.exe.intermediate.manifest
FinalizeBuildStatus:
  Suppression du fichier "Release\obfusware.unsuccessfulbuild".
  Mise à jour de l'horodatage "Release\obfusware.lastbuildstate".
Génération du projet "C:\Documents and Settings\Administrateur\Mes documents\Visual Studio 2010\Projects\obfusware\obfusware\obfusware.vcxproj" terminée (build cible(s)).

La génération a réussi.

Temps écoulé 00:00:02.34
